<?xml version="1.0" encoding="UTF-8"?>
<!-- Generated by org.testng.reporters.JUnitXMLReporter -->
<testsuite hostname="LAPTOP-D78H200V" failures="0" tests="4" name="Surefire test" time="63.475" errors="0" timestamp="21 Oct 2022 03:42:31 GMT">
  <testcase classname="orangehrm_project.code1" name="testcase1" time="12.428"/>
  <testcase classname="orangehrm_project.code1" name="testcase2" time="2.539"/>
  <testcase classname="orangehrm_project.code1" name="testcase3" time="12.454"/>
  <testcase classname="orangehrm_project.code1" name="testcase4" time="4.133"/>
</testsuite> <!-- Surefire test -->
