<?xml version="1.0" encoding="UTF-8"?>
<!-- Generated by org.testng.reporters.JUnitXMLReporter -->
<testsuite hostname="LAPTOP-D78H200V" failures="0" tests="4" name="Default test" time="43.621" errors="0" timestamp="21 Oct 2022 03:35:19 GMT">
  <testcase classname="orangehrm_project.code1" name="testcase1" time="12.285"/>
  <testcase classname="orangehrm_project.code1" name="testcase2" time="1.059"/>
  <testcase classname="orangehrm_project.code1" name="testcase3" time="12.303"/>
  <testcase classname="orangehrm_project.code1" name="testcase4" time="5.079"/>
</testsuite> <!-- Default test -->
